#
# There is insufficient memory for the Java Runtime Environment to continue.
# Native memory allocation (malloc) failed to allocate 672016 bytes for Chunk::new
# Possible reasons:
#   The system is out of physical RAM or swap space
#   In 32 bit mode, the process size limit was hit
# Possible solutions:
#   Reduce memory load on the system
#   Increase physical memory or swap space
#   Check if swap backing store is full
#   Use 64 bit Java on a 64 bit OS
#   Decrease Java heap size (-Xmx/-Xms)
#   Decrease number of Java threads
#   Decrease Java thread stack sizes (-Xss)
#   Set larger code cache with -XX:ReservedCodeCacheSize=
# This output file may be truncated or incomplete.
#
#  Out of Memory Error (allocation.cpp:390), pid=6076, tid=0x0000000000000ab0
#
# JRE version: OpenJDK Runtime Environment (8.0_76-b03) (build 1.8.0_76-release-b03)
# Java VM: OpenJDK 64-Bit Server VM (25.76-b03 mixed mode windows-amd64 compressed oops)
# Failed to write core dump. Minidumps are not enabled by default on client versions of Windows
#

---------------  T H R E A D  ---------------

Current thread (0x00000000155ac000):  JavaThread "C2 CompilerThread0" daemon [_thread_in_native, id=2736, stack(0x0000000016eb0000,0x0000000016fb0000)]

Stack: [0x0000000016eb0000,0x0000000016fb0000]
[error occurred during error reporting (printing stack bounds), id 0xc0000005]

Native frames: (J=compiled Java code, j=interpreted, Vv=VM code, C=native code)


Current CompileTask:
C2: 205857 6462       4       com.android.jack.optimizations.DefUsesChainsSimplifier$CfgHelper::process (122 bytes)


---------------  P R O C E S S  ---------------

Java Threads: ( => current thread )
  0x000000001bb23800 JavaThread "config-0-worker-3" daemon [_thread_in_Java, id=2116, stack(0x000000001ff50000,0x0000000020150000)]
  0x0000000016c09800 JavaThread "config-0-worker-2" daemon [_thread_in_Java, id=8504, stack(0x000000001fd50000,0x000000001ff50000)]
  0x0000000019a10000 JavaThread "config-0-worker-1" daemon [_thread_in_Java, id=4320, stack(0x000000001fb50000,0x000000001fd50000)]
  0x000000001b435800 JavaThread "config-0-worker-0" daemon [_thread_in_Java, id=5884, stack(0x000000001d7c0000,0x000000001d9c0000)]
  0x0000000017abe800 JavaThread "Jack reporter" [_thread_blocked, id=6396, stack(0x0000000017eb0000,0x0000000017fb0000)]
  0x000000001693e800 JavaThread "Service Thread" daemon [_thread_blocked, id=5488, stack(0x00000000171b0000,0x00000000172b0000)]
  0x00000000168c5000 JavaThread "C1 CompilerThread2" daemon [_thread_blocked, id=6444, stack(0x00000000170b0000,0x00000000171b0000)]
  0x00000000168b9000 JavaThread "C2 CompilerThread1" daemon [_thread_blocked, id=6480, stack(0x0000000016fb0000,0x00000000170b0000)]
=>0x00000000155ac000 JavaThread "C2 CompilerThread0" daemon [_thread_in_native, id=2736, stack(0x0000000016eb0000,0x0000000016fb0000)]
  0x0000000015560800 JavaThread "Attach Listener" daemon [_thread_blocked, id=2988, stack(0x0000000016db0000,0x0000000016eb0000)]
  0x00000000168b8800 JavaThread "Signal Dispatcher" daemon [_thread_blocked, id=2832, stack(0x0000000016cb0000,0x0000000016db0000)]
  0x0000000002e7d800 JavaThread "Finalizer" daemon [_thread_blocked, id=5324, stack(0x00000000167b0000,0x00000000168b0000)]
  0x0000000002e72800 JavaThread "Reference Handler" daemon [_thread_blocked, id=8916, stack(0x00000000166b0000,0x00000000167b0000)]
  0x0000000002d83800 JavaThread "main" [_thread_blocked, id=5380, stack(0x0000000002c80000,0x0000000002d80000)]

Other Threads:
  0x0000000015516000 VMThread [stack: 0x00000000165b0000,0x00000000166b0000] [id=8092]
  0x0000000016940800 WatcherThread [stack: 0x00000000172b0000,0x00000000173b0000] [id=8168]

VM state:not at safepoint (normal execution)

VM Mutex/Monitor currently owned by a thread: None

Heap:
 PSYoungGen      total 232960K, used 95267K [0x00000000eab00000, 0x0000000100000000, 0x0000000100000000)
  eden space 116736K, 81% used [0x00000000eab00000,0x00000000f0808d18,0x00000000f1d00000)
  from space 116224K, 0% used [0x00000000f8e80000,0x00000000f8e80000,0x0000000100000000)
  to   space 116224K, 0% used [0x00000000f1d00000,0x00000000f1d00000,0x00000000f8e80000)
 ParOldGen       total 699392K, used 651618K [0x00000000c0000000, 0x00000000eab00000, 0x00000000eab00000)
  object space 699392K, 93% used [0x00000000c0000000,0x00000000e7c58860,0x00000000eab00000)
 Metaspace       used 22999K, capacity 23102K, committed 23424K, reserved 1069056K
  class space    used 2756K, capacity 2815K, committed 2944K, reserved 1048576K

Card table byte_map: [0x0000000012240000,0x0000000012450000] byte_map_base: 0x0000000011c40000

Marking Bits: (ParMarkBitMap*) 0x0000000075829d00
 Begin Bits: [0x00000000129b0000, 0x00000000139b0000)
 End Bits:   [0x00000000139b0000, 0x00000000149b0000)

Polling page: 0x0000000000fe0000

CodeCache: size=245760Kb used=15429Kb max_used=15507Kb free=230330Kb
 bounds [0x0000000002e80000, 0x0000000003dd0000, 0x0000000011e80000]
 total_blobs=5119 nmethods=4743 adapters=285
 compilation: enabled

Compilation events (10 events):
Event: 203.874 Thread 0x00000000168c5000 nmethod 6465 0x0000000003378410 code [0x0000000003378580, 0x0000000003378830]
Event: 205.657 Thread 0x00000000168b9000 nmethod 6458 0x0000000003dc0110 code [0x0000000003dc0360, 0x0000000003dc19b8]
Event: 205.672 Thread 0x00000000168b9000 6466       4       com.android.jack.ir.ast.JVisitor::endVisit (6 bytes)
Event: 205.673 Thread 0x00000000168b9000 nmethod 6466 0x0000000003d96110 code [0x0000000003d96240, 0x0000000003d962b8]
Event: 205.733 Thread 0x00000000168c5000 6467       3       com.android.jack.util.CloneExpressionVisitor::visit (17 bytes)
Event: 205.734 Thread 0x00000000168c5000 nmethod 6467 0x0000000003311ed0 code [0x0000000003312060, 0x00000000033124a8]
Event: 205.734 Thread 0x00000000168c5000 6468       3       com.android.jack.ir.ast.JCharLiteral::traverse (14 bytes)
Event: 205.734 Thread 0x00000000168c5000 nmethod 6468 0x00000000035cfa90 code [0x00000000035cfc20, 0x00000000035d02b8]
Event: 205.734 Thread 0x00000000168c5000 6469       3       com.android.jack.ir.ast.JVisitor::visit (6 bytes)
Event: 205.735 Thread 0x00000000168c5000 nmethod 6469 0x0000000003a81a90 code [0x0000000003a81c20, 0x0000000003a821a8]

GC Heap History (10 events):
Event: 187.386 GC heap before
{Heap before GC invocations=98 (full 54):
 PSYoungGen      total 230400K, used 228544K [0x00000000eab00000, 0x0000000100000000, 0x0000000100000000)
  eden space 117760K, 100% used [0x00000000eab00000,0x00000000f1e00000,0x00000000f1e00000)
  from space 112640K, 98% used [0x00000000f1e00000,0x00000000f8a30000,0x00000000f8c00000)
  to   space 116224K, 0% used [0x00000000f8e80000,0x00000000f8e80000,0x0000000100000000)
 ParOldGen       total 699392K, used 633388K [0x00000000c0000000, 0x00000000eab00000, 0x00000000eab00000)
  object space 699392K, 90% used [0x00000000c0000000,0x00000000e6a8b3e8,0x00000000eab00000)
 Metaspace       used 22985K, capacity 23102K, committed 23424K, reserved 1069056K
  class space    used 2756K, capacity 2815K, committed 2944K, reserved 1048576K
Event: 188.225 GC heap after
Heap after GC invocations=98 (full 54):
 PSYoungGen      total 232960K, used 111544K [0x00000000eab00000, 0x0000000100000000, 0x0000000100000000)
  eden space 116736K, 0% used [0x00000000eab00000,0x00000000eab00000,0x00000000f1d00000)
  from space 116224K, 95% used [0x00000000f8e80000,0x00000000ffb6e1a8,0x0000000100000000)
  to   space 116224K, 0% used [0x00000000f1d00000,0x00000000f1d00000,0x00000000f8e80000)
 ParOldGen       total 699392K, used 668524K [0x00000000c0000000, 0x00000000eab00000, 0x00000000eab00000)
  object space 699392K, 95% used [0x00000000c0000000,0x00000000e8cdb3e8,0x00000000eab00000)
 Metaspace       used 22985K, capacity 23102K, committed 23424K, reserved 1069056K
  class space    used 2756K, capacity 2815K, committed 2944K, reserved 1048576K
}
Event: 188.225 GC heap before
{Heap before GC invocations=99 (full 55):
 PSYoungGen      total 232960K, used 111544K [0x00000000eab00000, 0x0000000100000000, 0x0000000100000000)
  eden space 116736K, 0% used [0x00000000eab00000,0x00000000eab00000,0x00000000f1d00000)
  from space 116224K, 95% used [0x00000000f8e80000,0x00000000ffb6e1a8,0x0000000100000000)
  to   space 116224K, 0% used [0x00000000f1d00000,0x00000000f1d00000,0x00000000f8e80000)
 ParOldGen       total 699392K, used 668524K [0x00000000c0000000, 0x00000000eab00000, 0x00000000eab00000)
  object space 699392K, 95% used [0x00000000c0000000,0x00000000e8cdb3e8,0x00000000eab00000)
 Metaspace       used 22985K, capacity 23102K, committed 23424K, reserved 1069056K
  class space    used 2756K, capacity 2815K, committed 2944K, reserved 1048576K
Event: 194.174 GC heap after
Heap after GC invocations=99 (full 55):
 PSYoungGen      total 232960K, used 0K [0x00000000eab00000, 0x0000000100000000, 0x0000000100000000)
  eden space 116736K, 0% used [0x00000000eab00000,0x00000000eab00000,0x00000000f1d00000)
  from space 116224K, 0% used [0x00000000f8e80000,0x00000000f8e80000,0x0000000100000000)
  to   space 116224K, 0% used [0x00000000f1d00000,0x00000000f1d00000,0x00000000f8e80000)
 ParOldGen       total 699392K, used 652559K [0x00000000c0000000, 0x00000000eab00000, 0x00000000eab00000)
  object space 699392K, 93% used [0x00000000c0000000,0x00000000e7d43d20,0x00000000eab00000)
 Metaspace       used 22985K, capacity 23102K, committed 23424K, reserved 1069056K
  class space    used 2756K, capacity 2815K, committed 2944K, reserved 1048576K
}
Event: 194.827 GC heap before
{Heap before GC invocations=100 (full 56):
 PSYoungGen      total 232960K, used 116736K [0x00000000eab00000, 0x0000000100000000, 0x0000000100000000)
  eden space 116736K, 100% used [0x00000000eab00000,0x00000000f1d00000,0x00000000f1d00000)
  from space 116224K, 0% used [0x00000000f8e80000,0x00000000f8e80000,0x0000000100000000)
  to   space 116224K, 0% used [0x00000000f1d00000,0x00000000f1d00000,0x00000000f8e80000)
 ParOldGen       total 699392K, used 652559K [0x00000000c0000000, 0x00000000eab00000, 0x00000000eab00000)
  object space 699392K, 93% used [0x00000000c0000000,0x00000000e7d43d20,0x00000000eab00000)
 Metaspace       used 22986K, capacity 23102K, committed 23424K, reserved 1069056K
  class space    used 2756K, capacity 2815K, committed 2944K, reserved 1048576K
Event: 200.717 GC heap after
Heap after GC invocations=100 (full 56):
 PSYoungGen      total 232960K, used 0K [0x00000000eab00000, 0x0000000100000000, 0x0000000100000000)
  eden space 116736K, 0% used [0x00000000eab00000,0x00000000eab00000,0x00000000f1d00000)
  from space 116224K, 0% used [0x00000000f8e80000,0x00000000f8e80000,0x0000000100000000)
  to   space 116224K, 0% used [0x00000000f1d00000,0x00000000f1d00000,0x00000000f8e80000)
 ParOldGen       total 699392K, used 647469K [0x00000000c0000000, 0x00000000eab00000, 0x00000000eab00000)
  object space 699392K, 92% used [0x00000000c0000000,0x00000000e784b668,0x00000000eab00000)
 Metaspace       used 22986K, capacity 23102K, committed 23424K, reserved 1069056K
  class space    used 2756K, capacity 2815K, committed 2944K, reserved 1048576K
}
Event: 200.894 GC heap before
{Heap before GC invocations=101 (full 57):
 PSYoungGen      total 232960K, used 116736K [0x00000000eab00000, 0x0000000100000000, 0x0000000100000000)
  eden space 116736K, 100% used [0x00000000eab00000,0x00000000f1d00000,0x00000000f1d00000)
  from space 116224K, 0% used [0x00000000f8e80000,0x00000000f8e80000,0x0000000100000000)
  to   space 116224K, 0% used [0x00000000f1d00000,0x00000000f1d00000,0x00000000f8e80000)
 ParOldGen       total 699392K, used 647469K [0x00000000c0000000, 0x00000000eab00000, 0x00000000eab00000)
  object space 699392K, 92% used [0x00000000c0000000,0x00000000e784b668,0x00000000eab00000)
 Metaspace       used 22988K, capacity 23102K, committed 23424K, reserved 1069056K
  class space    used 2756K, capacity 2815K, committed 2944K, reserved 1048576K
Event: 203.699 GC heap after
Heap after GC invocations=101 (full 57):
 PSYoungGen      total 232960K, used 0K [0x00000000eab00000, 0x0000000100000000, 0x0000000100000000)
  eden space 116736K, 0% used [0x00000000eab00000,0x00000000eab00000,0x00000000f1d00000)
  from space 116224K, 0% used [0x00000000f8e80000,0x00000000f8e80000,0x0000000100000000)
  to   space 116224K, 0% used [0x00000000f1d00000,0x00000000f1d00000,0x00000000f8e80000)
 ParOldGen       total 699392K, used 648929K [0x00000000c0000000, 0x00000000eab00000, 0x00000000eab00000)
  object space 699392K, 92% used [0x00000000c0000000,0x00000000e79b8600,0x00000000eab00000)
 Metaspace       used 22988K, capacity 23102K, committed 23424K, reserved 1069056K
  class space    used 2756K, capacity 2815K, committed 2944K, reserved 1048576K
}
Event: 203.888 GC heap before
{Heap before GC invocations=102 (full 58):
 PSYoungGen      total 232960K, used 116736K [0x00000000eab00000, 0x0000000100000000, 0x0000000100000000)
  eden space 116736K, 100% used [0x00000000eab00000,0x00000000f1d00000,0x00000000f1d00000)
  from space 116224K, 0% used [0x00000000f8e80000,0x00000000f8e80000,0x0000000100000000)
  to   space 116224K, 0% used [0x00000000f1d00000,0x00000000f1d00000,0x00000000f8e80000)
 ParOldGen       total 699392K, used 648929K [0x00000000c0000000, 0x00000000eab00000, 0x00000000eab00000)
  object space 699392K, 92% used [0x00000000c0000000,0x00000000e79b8600,0x00000000eab00000)
 Metaspace       used 22999K, capacity 23102K, committed 23424K, reserved 1069056K
  class space    used 2756K, capacity 2815K, committed 2944K, reserved 1048576K
Event: 205.655 GC heap after
Heap after GC invocations=102 (full 58):
 PSYoungGen      total 232960K, used 0K [0x00000000eab00000, 0x0000000100000000, 0x0000000100000000)
  eden space 116736K, 0% used [0x00000000eab00000,0x00000000eab00000,0x00000000f1d00000)
  from space 116224K, 0% used [0x00000000f8e80000,0x00000000f8e80000,0x0000000100000000)
  to   space 116224K, 0% used [0x00000000f1d00000,0x00000000f1d00000,0x00000000f8e80000)
 ParOldGen       total 699392K, used 651618K [0x00000000c0000000, 0x00000000eab00000, 0x00000000eab00000)
  object space 699392K, 93% used [0x00000000c0000000,0x00000000e7c58860,0x00000000eab00000)
 Metaspace       used 22999K, capacity 23102K, committed 23424K, reserved 1069056K
  class space    used 2756K, capacity 2815K, committed 2944K, reserved 1048576K
}

Deoptimization events (10 events):
Event: 178.313 Thread 0x0000000016c09800 Uncommon trap: reason=class_check action=maybe_recompile pc=0x0000000003395574 method=java.util.AbstractCollection.addAll(Ljava/util/Collection;)Z @ 3
Event: 178.313 Thread 0x0000000016c09800 Uncommon trap: reason=class_check action=maybe_recompile pc=0x00000000036eef38 method=java.util.HashMap.removeNode(ILjava/lang/Object;Ljava/lang/Object;ZZ)Ljava/util/HashMap$Node; @ 283
Event: 178.327 Thread 0x0000000016c09800 Uncommon trap: reason=unstable_if action=reinterpret pc=0x0000000003c8d180 method=com.android.jack.optimizations.UseDefsChainsSimplifier$Visitor.stmtCanBeOptimized(Lcom/android/jack/ir/ast/JStatement;Lcom/android/jack/analysis/DefinitionMarker;)Z @ 92
Event: 178.402 Thread 0x000000001b435800 Uncommon trap: reason=class_check action=maybe_recompile pc=0x0000000002fe1f3c method=com.android.jack.ir.ast.JReturnStatement.replaceImpl(Lcom/android/jack/ir/ast/JNode;Lcom/android/jack/ir/ast/JNode;)V @ 28
Event: 178.402 Thread 0x000000001b435800 Uncommon trap: reason=class_check action=maybe_recompile pc=0x0000000002fe1f3c method=com.android.jack.ir.ast.JReturnStatement.replaceImpl(Lcom/android/jack/ir/ast/JNode;Lcom/android/jack/ir/ast/JNode;)V @ 28
Event: 178.415 Thread 0x000000001b435800 Uncommon trap: reason=class_check action=maybe_recompile pc=0x0000000003bd5720 method=com.android.jack.util.ControlFlowHelper.getNextStatement(Lcom/android/jack/ir/ast/JStatement;)Lcom/android/jack/ir/ast/JStatement; @ 90
Event: 178.472 Thread 0x0000000019a10000 Uncommon trap: reason=class_check action=maybe_recompile pc=0x0000000003cae75c method=com.android.jack.optimizations.ExpressionSimplifier$Simplifier.endVisit(Lcom/android/jack/ir/ast/JBinaryOperation;)V @ 33
Event: 178.472 Thread 0x0000000019a10000 Uncommon trap: reason=class_check action=maybe_recompile pc=0x0000000003cae75c method=com.android.jack.optimizations.ExpressionSimplifier$Simplifier.endVisit(Lcom/android/jack/ir/ast/JBinaryOperation;)V @ 33
Event: 178.472 Thread 0x0000000019a10000 Uncommon trap: reason=class_check action=maybe_recompile pc=0x0000000003cae75c method=com.android.jack.optimizations.ExpressionSimplifier$Simplifier.endVisit(Lcom/android/jack/ir/ast/JBinaryOperation;)V @ 33
Event: 185.426 Thread 0x000000001bb23800 Uncommon trap: reason=unstable_if action=reinterpret pc=0x0000000003cae6dc method=com.android.jack.optimizations.ExpressionSimplifier$Simplifier.endVisit(Lcom/android/jack/ir/ast/JBinaryOperation;)V @ 1838

Internal exceptions (10 events):
Event: 3.009 Thread 0x0000000002d83800 Exception <a 'java/lang/ArrayIndexOutOfBoundsException': 263> (0x00000000eab76310) thrown at [C:\src\android\AOSP-openjdk\external\jetbrains\jdk\hotspot\src\share\vm\interpreter\interpreterRuntime.cpp, line 366]
Event: 3.010 Thread 0x0000000002d83800 Exception <a 'java/lang/ArrayIndexOutOfBoundsException': 252> (0x00000000eab77ff8) thrown at [C:\src\android\AOSP-openjdk\external\jetbrains\jdk\hotspot\src\share\vm\interpreter\interpreterRuntime.cpp, line 366]
Event: 3.011 Thread 0x0000000002d83800 Exception <a 'java/lang/ArrayIndexOutOfBoundsException': 254> (0x00000000eab7f260) thrown at [C:\src\android\AOSP-openjdk\external\jetbrains\jdk\hotspot\src\share\vm\interpreter\interpreterRuntime.cpp, line 366]
Event: 3.019 Thread 0x0000000002d83800 Exception <a 'java/lang/ArrayIndexOutOfBoundsException': 1571> (0x00000000eab881f0) thrown at [C:\src\android\AOSP-openjdk\external\jetbrains\jdk\hotspot\src\share\vm\interpreter\interpreterRuntime.cpp, line 366]
Event: 6.983 Thread 0x0000000002d83800 Implicit null exception at 0x00000000037181b1 to 0x0000000003718e55
Event: 6.983 Thread 0x0000000002d83800 Implicit null exception at 0x00000000030fe01b to 0x00000000030fe5b1
Event: 6.984 Thread 0x0000000002d83800 Implicit null exception at 0x00000000030a82ef to 0x00000000030a8359
Event: 8.524 Thread 0x000000001bb23800 Implicit null exception at 0x000000000372e19d to 0x0000000003731021
Event: 8.554 Thread 0x000000001bb23800 Implicit null exception at 0x0000000003754eb9 to 0x000000000375812d
Event: 175.462 Thread 0x0000000016c09800 Implicit null exception at 0x0000000003740635 to 0x0000000003742295

Events (10 events):
Event: 203.865 Thread 0x00000000168c5000 flushing nmethod 0x0000000003a85e10
Event: 203.865 Thread 0x00000000168c5000 flushing nmethod 0x0000000003aad150
Event: 203.865 Thread 0x00000000168c5000 flushing nmethod 0x0000000003aad950
Event: 203.866 Thread 0x00000000168c5000 flushing nmethod 0x0000000003aae2d0
Event: 203.866 Thread 0x00000000168c5000 flushing nmethod 0x0000000003ab1250
Event: 203.866 Thread 0x00000000168c5000 flushing nmethod 0x0000000003ab2cd0
Event: 203.866 Thread 0x00000000168c5000 flushing nmethod 0x0000000003abbdd0
Event: 203.867 Thread 0x00000000168c5000 flushing nmethod 0x0000000003ac5f10
Event: 203.887 Executing VM operation: ParallelGCFailedAllocation
Event: 205.655 Executing VM operation: ParallelGCFailedAllocation done


Dynamic libraries:
0x00007ff6961f0000 - 0x00007ff696221000 	C:\Program Files\Android\Android Studio\jre\bin\java.exe
0x00007ff94ff10000 - 0x00007ff9500bd000 	C:\Windows\SYSTEM32\ntdll.dll
0x00007ff94ec40000 - 0x00007ff94ed7e000 	C:\Windows\system32\KERNEL32.DLL
0x00007ff94d100000 - 0x00007ff94d215000 	C:\Windows\system32\KERNELBASE.dll
0x00007ff94d590000 - 0x00007ff94d63a000 	C:\Windows\system32\ADVAPI32.dll
0x00007ff94fbb0000 - 0x00007ff94fd27000 	C:\Windows\system32\USER32.dll
0x00007ff94aa70000 - 0x00007ff94aceb000 	C:\Windows\WinSxS\amd64_microsoft.windows.common-controls_6595b64144ccf1df_6.0.9600.18006_none_623f33d3ecbe86e8\COMCTL32.dll
0x00007ff94f7d0000 - 0x00007ff94f87a000 	C:\Windows\system32\msvcrt.dll
0x00007ff94ef90000 - 0x00007ff94efe9000 	C:\Windows\SYSTEM32\sechost.dll
0x00007ff94ed80000 - 0x00007ff94eec0000 	C:\Windows\system32\RPCRT4.dll
0x00007ff94f660000 - 0x00007ff94f7af000 	C:\Windows\system32\GDI32.dll
0x00007ff94d510000 - 0x00007ff94d53e000 	C:\Windows\system32\SspiCli.dll
0x00007ff94eff0000 - 0x00007ff94f026000 	C:\Windows\system32\IMM32.DLL
0x00007ff94f4f0000 - 0x00007ff94f642000 	C:\Windows\system32\MSCTF.dll
0x0000000074440000 - 0x0000000074512000 	C:\Program Files\Android\Android Studio\jre\jre\bin\msvcr100.dll
0x0000000075070000 - 0x00000000758a4000 	C:\Program Files\Android\Android Studio\jre\jre\bin\server\jvm.dll
0x00007ff9445c0000 - 0x00007ff9445c9000 	C:\Windows\SYSTEM32\WSOCK32.dll
0x00007ff93e7f0000 - 0x00007ff93e812000 	C:\Windows\SYSTEM32\WINMM.dll
0x00007ff9454e0000 - 0x00007ff9454ea000 	C:\Windows\SYSTEM32\VERSION.dll
0x00007ff94d640000 - 0x00007ff94d647000 	C:\Windows\system32\PSAPI.DLL
0x00007ff94eec0000 - 0x00007ff94ef1a000 	C:\Windows\system32\WS2_32.dll
0x00007ff93e7b0000 - 0x00007ff93e7da000 	C:\Windows\SYSTEM32\WINMMBASE.dll
0x00007ff94f650000 - 0x00007ff94f659000 	C:\Windows\system32\NSI.dll
0x00007ff94d540000 - 0x00007ff94d58f000 	C:\Windows\SYSTEM32\cfgmgr32.dll
0x00007ff94be50000 - 0x00007ff94be78000 	C:\Windows\SYSTEM32\DEVOBJ.dll
0x00007ff943b90000 - 0x00007ff943b9f000 	C:\Program Files\Android\Android Studio\jre\jre\bin\verify.dll
0x00007ff9436b0000 - 0x00007ff9436d9000 	C:\Program Files\Android\Android Studio\jre\jre\bin\java.dll
0x00007ff9435b0000 - 0x00007ff9435c6000 	C:\Program Files\Android\Android Studio\jre\jre\bin\zip.dll
0x00007ff94d650000 - 0x00007ff94eb78000 	C:\Windows\system32\SHELL32.dll
0x00007ff94f030000 - 0x00007ff94f241000 	C:\Windows\SYSTEM32\combase.dll
0x00007ff94f9b0000 - 0x00007ff94fa04000 	C:\Windows\system32\SHLWAPI.dll
0x00007ff94b5b0000 - 0x00007ff94b662000 	C:\Windows\SYSTEM32\SHCORE.dll
0x00007ff94d030000 - 0x00007ff94d045000 	C:\Windows\SYSTEM32\profapi.dll
0x00007ff9422f0000 - 0x00007ff942314000 	C:\Program Files\Android\Android Studio\jre\jre\bin\sunec.dll
0x00007ff943b70000 - 0x00007ff943b7b000 	C:\Program Files\Android\Android Studio\jre\jre\bin\sunmscapi.dll
0x00007ff94d330000 - 0x00007ff94d50f000 	C:\Windows\system32\CRYPT32.dll
0x00007ff94d0e0000 - 0x00007ff94d0f1000 	C:\Windows\system32\MSASN1.dll
0x00007ff9435a0000 - 0x00007ff9435ad000 	C:\Program Files\Android\Android Studio\jre\jre\bin\management.dll
0x00007ff943240000 - 0x00007ff94325a000 	C:\Program Files\Android\Android Studio\jre\jre\bin\net.dll
0x00007ff94c920000 - 0x00007ff94c979000 	C:\Windows\system32\mswsock.dll
0x00007ff943210000 - 0x00007ff943221000 	C:\Program Files\Android\Android Studio\jre\jre\bin\nio.dll

VM Arguments:
jvm_args: -Djava.awt.headless=true -Xmx1024M -Dfile.encoding=UTF-8 -Duser.country=CN -Duser.language=zh -Duser.variant 
java_command: com.android.jack.Main -D jack.dex.optimize=true -D jack.reporter=sdk -D jack.dex.debug.vars=true --classpath C:\Users\spring\Documents\workspace\AndroidDaemonService\build\intermediates\transforms\preJackRuntimeLibraries\debug\jars\8000\40\android-b02bdd926c1d29077e6449d425f858e32efcb3f7.jar;C:\Users\spring\Documents\workspace\AndroidDaemonService\build\intermediates\transforms\preJackRuntimeLibraries\debug\jars\8000\40\org.apache.http.legacy-0836c1db24d44764e8ae2e8601b2a713f42e2fe0.jar --import C:\Users\spring\Documents\workspace\AndroidDaemonService\build\intermediates\transforms\preJackPackagedLibraries\debug\jars\8000\1f\classes-108100efa22ecf8ea3afd9f6a2d79ec35195d62a.jar --import C:\Users\spring\Documents\workspace\AndroidDaemonService\build\intermediates\transforms\preJackPackagedLibraries\debug\jars\8000\1f\classes-18744be19bae05e22583f1b38143c4d45056e1c4.jar --import C:\Users\spring\Documents\workspace\AndroidDaemonService\build\intermediates\transforms\preJackPackagedLibraries\debug\jars\8000\1f\classes-2ff7bc8a046c0d657774dca27c0957c3c5a07fe3.jar --import C:\Users\spring\Documents\workspace\AndroidDaemonService\build\intermediates\transforms\preJackPackagedLibraries\debug\jars\8000\1f\classes-3898ad413f95e46276d57db7dcdbbcd10eac834a.jar --import C:\Users\spring\Documents\workspace\AndroidDaemonService\build\intermediates\transforms\preJackPackagedLibraries\debug\jars\8000\1f\classes-3cd27b8adea98ceda43a8ddb8d6d348f4b072cf2.jar --import C:\Users\spring\Documents\workspace\AndroidDaemonService\build\intermediates\transforms\preJackPackagedLibraries\debug\jars\8000\1f\classes-5afa4a82fbaed5e21a8746606f2a1dc5dea97423.jar --import C:\Users\spring\Documents\workspace\AndroidDaemonService\build\intermediates\transforms\preJackPackagedLibraries\debug\jars\8000\1f\classes-60ed41eaebb0aaf18273f5df5b88f485e8e79be4.jar --import C:\Users\spring\Documents\workspace\AndroidDaemonService\build\intermediates\transforms\preJackPackagedLibraries\debug\jars\8
java_class_path (initial): C:\Users\spring\Android\sdk\build-tools\25.0.2\jack.jar
Launcher Type: SUN_STANDARD

Environment Variables:
JAVA_HOME=C:\Program Files\Java\jdk1.8.0_92
CLASSPATH=C:\Program Files\Java\jdk1.8.0_92\lib;
PATH=C:\ProgramData\Oracle\Java\javapath;C:\Program Files\Java\jdk1.8.0_92\bin;C:\Program Files (x86)\Intel\iCLS Client\;C:\Program Files\Intel\iCLS Client\;C:\Windows\system32;C:\Windows;C:\Windows\System32\Wbem;C:\Windows\System32\WindowsPowerShell\v1.0\;C:\Program Files\nodejs\;C:\app\apache-ant-1.9.7\bin\;C:\app\apache-karaf\bin\;C:\app\apache-maven-3.3.9\bin\;C:\app\apache-tomcat-9.0.0.M8\bin\;C:\app\wildfly-9.0.2.Final\bin\%;C:\Program Files\Git\cmd;C:\ProgramData\chocolatey\bin;C:\Program Files\TortoiseSVN\bin;C:\Windows\Microsoft.NET\Framework\v4.0.30319;C:\Users\spring\.dnx\bin;C:\Program Files\Microsoft DNX\Dnvm\;C:\Program Files (x86)\Windows Kits\8.1\Windows Performance Toolkit\;C:\Program Files\Microsoft SQL Server\130\Tools\Binn\;C:\app\gradle-3.4.1\bin;C:\Users\spring\AppData\Roaming\npm
USERNAME=spring
OS=Windows_NT
PROCESSOR_IDENTIFIER=Intel64 Family 6 Model 69 Stepping 1, GenuineIntel



---------------  S Y S T E M  ---------------

OS: Windows 8.1 , 64 bit Build 9600 (6.3.9600.17415)

CPU:total 4 (2 cores per cpu, 2 threads per core) family 6 model 69 stepping 1, cmov, cx8, fxsr, mmx, sse, sse2, sse3, ssse3, sse4.1, sse4.2, popcnt, avx, avx2, aes, clmul, erms, lzcnt, ht, tsc, tscinvbit, bmi1, bmi2

Memory: 4k page, physical 4133420k(193004k free), swap 12482544k(4612k free)

vm_info: OpenJDK 64-Bit Server VM (25.76-b03) for windows-amd64 JRE (1.8.0_76-release-b03), built on Jun 29 2016 19:09:20 by "ralucas" with MS VC++ 10.0 (VS2010)

time: Fri Mar 10 23:07:45 2017
elapsed time: 205 seconds (0d 0h 3m 25s)

